<?xml version="1.0" encoding="UTF-8"?>
<!-- Generated by org.testng.reporters.JUnitXMLReporter -->
<testsuite hostname="DESKTOP-5TRQ2HB" name="Default test" tests="4" failures="0" timestamp="31 Mar 2019 15:27:57 GMT" time="17.328" errors="0">
  <testcase name="testFacebookEmailPass1" time="0.297" classname="test.facebook.FacebookEmailandPass"/>
  <testcase name="testFacebookSignup" time="7.962" classname="test.facebook.LoginFacebook"/>
  <testcase name="my2Test" time="0.002" classname="test.facebook.Annotationpre$AnnotationPrec"/>
  <testcase name="myTest" time="0.0" classname="test.facebook.Annotationpre$AnnotationPrec"/>
</testsuite> <!-- Default test -->
