<?xml version="1.0" encoding="UTF-8"?>
<!-- Generated by org.testng.reporters.JUnitXMLReporter -->
<testsuite hostname="DESKTOP-5TRQ2HB" name="Default test" tests="3" failures="0" timestamp="8 Apr 2019 03:17:00 GMT" time="0.059" errors="0">
  <testcase name="openBrowser" time="0.014" classname="test.facebook.DependsOn"/>
  <testcase name="SignIn" time="0.001" classname="test.facebook.DependsOn"/>
  <testcase name="LogOut" time="0.002" classname="test.facebook.DependsOn"/>
</testsuite> <!-- Default test -->
