<?xml version="1.0" encoding="UTF-8"?>
<!-- Generated by org.testng.reporters.JUnitXMLReporter -->
<testsuite hostname="DESKTOP-5TRQ2HB" name="Test" tests="9" failures="1" timestamp="8 Apr 2019 03:53:56 GMT" time="9.374" errors="0">
  <testcase name="tryCatchTest" time="0.017" classname="test.facebook.PracticeTryCatch"/>
  <testcase name="my2Test" time="0.004" classname="test.facebook.Annotationpre$AnnotationPrec"/>
  <testcase name="myTest" time="0.0" classname="test.facebook.Annotationpre$AnnotationPrec"/>
  <testcase name="tryCatchTest" time="0.001" classname="test.facebook.PrecticeAssert">
    <failure type="java.lang.AssertionError" message="expected [google] but found [googleee]">
      <![CDATA[java.lang.AssertionError: expected [google] but found [googleee]
	at test.facebook.PrecticeAssert.tryCatchTest(PrecticeAssert.java:12)
... Removed 31 stack frames]]>
    </failure>
  </testcase> <!-- tryCatchTest -->
  <testcase name="testFacebookEmailPass1" time="0.298" classname="test.facebook.FacebookEmailandPass"/>
  <testcase name="LogInTest" time="0.003" classname="test.facebook.Priorityprec"/>
  <testcase name="changepass" time="0.001" classname="test.facebook.Priorityprec"/>
  <testcase name="LogOutTest" time="0.002" classname="test.facebook.Priorityprec"/>
  <testcase name="gointoskiptest" time="0.001" classname="test.facebook.Priorityprec">
    <skipped/>
  </testcase> <!-- gointoskiptest -->
</testsuite> <!-- Test -->
