<?xml version="1.0" encoding="UTF-8"?>
<testng-results skipped="0" failed="0" total="1" passed="1">
  <reporter-output>
  </reporter-output>
  <suite name="Default suite" duration-ms="5907" started-at="2019-04-07T13:49:32Z" finished-at="2019-04-07T13:49:38Z">
    <groups>
    </groups>
    <test name="Default test" duration-ms="5907" started-at="2019-04-07T13:49:32Z" finished-at="2019-04-07T13:49:38Z">
      <class name="test.facebook.Radiobutton$fbRadioButtonTest">
        <test-method status="PASS" signature="beforeTestStart()[pri:0, instance:test.facebook.Radiobutton$fbRadioButtonTest@5f375618]" name="beforeTestStart" is-config="true" duration-ms="5747" started-at="2019-04-07T09:49:32Z" finished-at="2019-04-07T09:49:38Z">
          <reporter-output>
          </reporter-output>
        </test-method> <!-- beforeTestStart -->
        <test-method status="PASS" signature="testRadioButton()[pri:0, instance:test.facebook.Radiobutton$fbRadioButtonTest@5f375618]" name="testRadioButton" duration-ms="4" started-at="2019-04-07T09:49:38Z" finished-at="2019-04-07T09:49:38Z">
          <reporter-output>
          </reporter-output>
        </test-method> <!-- testRadioButton -->
        <test-method status="PASS" signature="aftereachtest()[pri:0, instance:test.facebook.Radiobutton$fbRadioButtonTest@5f375618]" name="aftereachtest" is-config="true" duration-ms="141" started-at="2019-04-07T09:49:38Z" finished-at="2019-04-07T09:49:38Z">
          <reporter-output>
          </reporter-output>
        </test-method> <!-- aftereachtest -->
      </class> <!-- test.facebook.Radiobutton$fbRadioButtonTest -->
    </test> <!-- Default test -->
  </suite> <!-- Default suite -->
</testng-results>
